#
# There is insufficient memory for the Java Runtime Environment to continue.
# Native memory allocation (malloc) failed to allocate 1048576 bytes. Error detail: AllocateHeap
# Possible reasons:
#   The system is out of physical RAM or swap space
#   This process is running with CompressedOops enabled, and the Java Heap may be blocking the growth of the native heap
# Possible solutions:
#   Reduce memory load on the system
#   Increase physical memory or swap space
#   Check if swap backing store is full
#   Decrease Java heap size (-Xmx/-Xms)
#   Decrease number of Java threads
#   Decrease Java thread stack sizes (-Xss)
#   Set larger code cache with -XX:ReservedCodeCacheSize=
#   JVM is running with Unscaled Compressed Oops mode in which the Java heap is
#     placed in the first 4GB address space. The Java Heap base address is the
#     maximum limit for the native heap growth. Please use -XX:HeapBaseMinAddress
#     to set the Java Heap base and to place the Java Heap above 4GB virtual address.
# This output file may be truncated or incomplete.
#
#  Out of Memory Error (allocation.cpp:44), pid=19548, tid=14392
#
# JRE version: OpenJDK Runtime Environment Temurin-21.0.6+7 (21.0.6+7) (build 21.0.6+7-LTS)
# Java VM: OpenJDK 64-Bit Server VM Temurin-21.0.6+7 (21.0.6+7-LTS, mixed mode, emulated-client, sharing, tiered, compressed oops, compressed class ptrs, g1 gc, windows-amd64)
# No core dump will be written. Minidumps are not enabled by default on client versions of Windows
#

---------------  S U M M A R Y ------------

Command Line: -Dcom.sun.management.jmxremote -Dcom.sun.management.jmxremote.port=57463 -Dcom.sun.management.jmxremote.authenticate=false -Dcom.sun.management.jmxremote.ssl=false -Djava.rmi.server.hostname=localhost -Dspring.jmx.enabled=true -Dmanagement.endpoints.jmx.exposure.include=* -Dspring.application.admin.enabled=true -Dspring.output.ansi.enabled=always -XX:TieredStopAtLevel=1 -Dspring.boot.project.name=Stereo_Rasayan -Dfile.encoding=UTF-8 -Dstdout.encoding=UTF-8 -Dstderr.encoding=UTF-8 -XX:+ShowCodeDetailsInExceptionMessages com.project.StereoRasayanApplication

Host: AMD Ryzen 5 3550H with Radeon Vega Mobile Gfx  , 8 cores, 3G,  Windows 11 , 64 bit Build 26100 (10.0.26100.4202)
Time: Wed Jun 18 12:00:48 2025 India Standard Time elapsed time: 60326.433020 seconds (0d 16h 45m 26s)

---------------  T H R E A D  ---------------

Current thread (0x0000014ced408ec0):  VMThread "VM Thread"          [id=14392, stack(0x0000000866300000,0x0000000866400000) (1024K)]

Stack: [0x0000000866300000,0x0000000866400000]
Native frames: (J=compiled Java code, j=interpreted, Vv=VM code, C=native code)
V  [jvm.dll+0x6cdee9]
V  [jvm.dll+0x8a83d1]
V  [jvm.dll+0x8aa8fe]
V  [jvm.dll+0x8aafe3]
V  [jvm.dll+0x27f706]
V  [jvm.dll+0xbfb37]
V  [jvm.dll+0x3466a2]
V  [jvm.dll+0x34111e]
V  [jvm.dll+0x329a18]
V  [jvm.dll+0x36bca4]
V  [jvm.dll+0x8b0cff]
V  [jvm.dll+0x8b2084]
V  [jvm.dll+0x8b25c0]
V  [jvm.dll+0x8b2863]
V  [jvm.dll+0x851f8b]
V  [jvm.dll+0x6cc5ed]
C  [ucrtbase.dll+0x37b0]
C  [KERNEL32.DLL+0x2e8d7]
C  [ntdll.dll+0x3c34c]

VM_Operation (0x00000008659ff050): G1CollectFull, mode: safepoint, requested by thread 0x0000014cc2240620


---------------  P R O C E S S  ---------------

Threads class SMR info:
_java_thread_list=0x0000014cc2550090, length=15, elements={
0x0000014cf9d8f590, 0x0000014cf9d91290, 0x0000014cf9d921c0, 0x0000014cf9d93c20,
0x0000014cf9d9c680, 0x0000014cf9d9faf0, 0x0000014cf9da4890, 0x0000014cfe01ec90,
0x0000014cfe0d3630, 0x0000014cfe6c9190, 0x0000014cfe6dc650, 0x0000014cfe6fd2c0,
0x0000014cff9481e0, 0x0000014cc2242060, 0x0000014cc2240620
}

Java Threads: ( => current thread )
  0x0000014cf9d8f590 JavaThread "Reference Handler"          daemon [_thread_blocked, id=16876, stack(0x0000000866400000,0x0000000866500000) (1024K)]
  0x0000014cf9d91290 JavaThread "Finalizer"                  daemon [_thread_blocked, id=18480, stack(0x0000000866500000,0x0000000866600000) (1024K)]
  0x0000014cf9d921c0 JavaThread "Signal Dispatcher"          daemon [_thread_blocked, id=4696, stack(0x0000000866600000,0x0000000866700000) (1024K)]
  0x0000014cf9d93c20 JavaThread "Attach Listener"            daemon [_thread_blocked, id=19112, stack(0x0000000866700000,0x0000000866800000) (1024K)]
  0x0000014cf9d9c680 JavaThread "Service Thread"             daemon [_thread_blocked, id=2416, stack(0x0000000866800000,0x0000000866900000) (1024K)]
  0x0000014cf9d9faf0 JavaThread "Monitor Deflation Thread"   daemon [_thread_blocked, id=18568, stack(0x0000000866900000,0x0000000866a00000) (1024K)]
  0x0000014cf9da4890 JavaThread "C1 CompilerThread0"         daemon [_thread_blocked, id=20184, stack(0x0000000866a00000,0x0000000866b00000) (1024K)]
  0x0000014cfe01ec90 JavaThread "Common-Cleaner"             daemon [_thread_blocked, id=3904, stack(0x0000000866b00000,0x0000000866c00000) (1024K)]
  0x0000014cfe0d3630 JavaThread "Notification Thread"        daemon [_thread_blocked, id=19480, stack(0x0000000866d00000,0x0000000866e00000) (1024K)]
  0x0000014cfe6c9190 JavaThread "RMI TCP Accept-0"           daemon [_thread_in_native, id=14080, stack(0x0000000867000000,0x0000000867100000) (1024K)]
  0x0000014cfe6dc650 JavaThread "RMI TCP Accept-57463"       daemon [_thread_in_native, id=20308, stack(0x0000000867100000,0x0000000867200000) (1024K)]
  0x0000014cfe6fd2c0 JavaThread "RMI TCP Accept-0"           daemon [_thread_in_native, id=18916, stack(0x0000000867200000,0x0000000867300000) (1024K)]
  0x0000014cff9481e0 JavaThread "mysql-cj-abandoned-connection-cleanup" daemon [_thread_blocked, id=18068, stack(0x0000000868000000,0x0000000868100000) (1024K)]
  0x0000014cc2242060 JavaThread "DestroyJavaVM"                     [_thread_blocked, id=13192, stack(0x0000000865c00000,0x0000000865d00000) (1024K)]
  0x0000014cc2240620 JavaThread "Thread-25"                         [_thread_blocked, id=7916, stack(0x0000000865900000,0x0000000865a00000) (1024K)]
Total: 15

Other Threads:
=>0x0000014ced408ec0 VMThread "VM Thread"                           [id=14392, stack(0x0000000866300000,0x0000000866400000) (1024K)]
  0x0000014cf9d67630 WatcherThread "VM Periodic Task Thread"        [id=18240, stack(0x0000000866200000,0x0000000866300000) (1024K)]
  0x0000014ced409600 WorkerThread "GC Thread#0"                     [id=13940, stack(0x0000000865d00000,0x0000000865e00000) (1024K)]
  0x0000014ced407ca0 WorkerThread "GC Thread#1"                     [id=18608, stack(0x0000000867300000,0x0000000867400000) (1024K)]
  0x0000014ced4083e0 WorkerThread "GC Thread#2"                     [id=20412, stack(0x0000000867400000,0x0000000867500000) (1024K)]
  0x0000014ced408040 WorkerThread "GC Thread#3"                     [id=19764, stack(0x0000000867500000,0x0000000867600000) (1024K)]
  0x0000014ced408780 WorkerThread "GC Thread#4"                     [id=10616, stack(0x0000000867600000,0x0000000867700000) (1024K)]
  0x0000014cfea674d0 WorkerThread "GC Thread#5"                     [id=18160, stack(0x0000000867700000,0x0000000867800000) (1024K)]
  0x0000014cfea691d0 WorkerThread "GC Thread#6"                     [id=16540, stack(0x0000000867800000,0x0000000867900000) (1024K)]
  0x0000014cfea68350 WorkerThread "GC Thread#7"                     [id=20072, stack(0x0000000867900000,0x0000000867a00000) (1024K)]
  0x0000014cef82cad0 ConcurrentGCThread "G1 Main Marker"            [id=9456, stack(0x0000000865e00000,0x0000000865f00000) (1024K)]
  0x0000014ced408b20 WorkerThread "G1 Conc#0"                       [id=16244, stack(0x0000000865f00000,0x0000000866000000) (1024K)]
  0x0000014cfea67fb0 WorkerThread "G1 Conc#1"                       [id=15832, stack(0x0000000867c00000,0x0000000867d00000) (1024K)]
  0x0000014cef89e460 ConcurrentGCThread "G1 Refine#0"               [id=18512, stack(0x0000000866000000,0x0000000866100000) (1024K)]
  0x0000014cf9c350e0 ConcurrentGCThread "G1 Service"                [id=7096, stack(0x0000000866100000,0x0000000866200000) (1024K)]
Total: 15

Threads with active compile tasks:
Total: 0

VM state: at safepoint (normal execution)

VM Mutex/Monitor currently owned by a thread:  ([mutex/lock_event])
[0x00007ffd30b6e380] Threads_lock - owner thread: 0x0000014ced408ec0
[0x00007ffd30b6e480] Heap_lock - owner thread: 0x0000014cc2240620

Heap address: 0x00000000c9e00000, size: 866 MB, Compressed Oops mode: 32-bit

CDS archive(s) mapped at: [0x0000014c80000000-0x0000014c80c80000-0x0000014c80c80000), size 13107200, SharedBaseAddress: 0x0000014c80000000, ArchiveRelocationMode: 1.
Compressed class space mapped at: 0x0000014c81000000-0x0000014cc1000000, reserved size: 1073741824
Narrow klass base: 0x0000014c80000000, Narrow klass shift: 0, Narrow klass range: 0x100000000

GC Precious Log:
 CardTable entry size: 512
 Card Set container configuration: InlinePtr #cards 5 size 8 Array Of Cards #cards 12 size 40 Howl #buckets 4 coarsen threshold 1843 Howl Bitmap #cards 512 size 80 coarsen threshold 460 Card regions per heap region 1 cards per card region 2048
 CPUs: 8 total, 8 available
 Memory: 3459M
 Large Page Support: Disabled
 NUMA Support: Disabled
 Compressed Oops: Enabled (32-bit)
 Heap Region Size: 1M
 Heap Min Capacity: 8M
 Heap Initial Capacity: 56M
 Heap Max Capacity: 866M
 Pre-touch: Disabled
 Parallel Workers: 8
 Concurrent Workers: 2
 Concurrent Refinement Workers: 8
 Periodic GC: Disabled

Heap:
 garbage-first heap   total 79872K, used 60041K [0x00000000c9e00000, 0x0000000100000000)
  region size 1024K, 37 young (37888K), 6 survivors (6144K)
 Metaspace       used 72383K, committed 73216K, reserved 1114112K
  class space    used 10055K, committed 10432K, reserved 1048576K

Heap Regions: E=young(eden), S=young(survivor), O=old, HS=humongous(starts), HC=humongous(continues), CS=collection set, F=free, TAMS=top-at-mark-start, PB=parsable bottom
|   0|0x00000000c9e00000, 0x00000000c9f00000, 0x00000000c9f00000|100%|HS|  |TAMS 0x00000000c9e00000| PB 0x00000000c9e00000| Complete 
|   1|0x00000000c9f00000, 0x00000000ca000000, 0x00000000ca000000|100%|HS|  |TAMS 0x00000000c9f00000| PB 0x00000000c9f00000| Complete 
|   2|0x00000000ca000000, 0x00000000ca100000, 0x00000000ca100000|100%| O|  |TAMS 0x00000000ca000000| PB 0x00000000ca000000| Untracked 
|   3|0x00000000ca100000, 0x00000000ca200000, 0x00000000ca200000|100%| O|  |TAMS 0x00000000ca100000| PB 0x00000000ca100000| Untracked 
|   4|0x00000000ca200000, 0x00000000ca2ffff8, 0x00000000ca300000| 99%| O|  |TAMS 0x00000000ca200000| PB 0x00000000ca200000| Untracked 
|   5|0x00000000ca300000, 0x00000000ca3ffff0, 0x00000000ca400000| 99%| O|  |TAMS 0x00000000ca300000| PB 0x00000000ca300000| Untracked 
|   6|0x00000000ca400000, 0x00000000ca500000, 0x00000000ca500000|100%| O|  |TAMS 0x00000000ca400000| PB 0x00000000ca400000| Untracked 
|   7|0x00000000ca500000, 0x00000000ca5fff88, 0x00000000ca600000| 99%| O|  |TAMS 0x00000000ca500000| PB 0x00000000ca500000| Untracked 
|   8|0x00000000ca600000, 0x00000000ca6fffc0, 0x00000000ca700000| 99%| O|  |TAMS 0x00000000ca600000| PB 0x00000000ca600000| Untracked 
|   9|0x00000000ca700000, 0x00000000ca7ffff8, 0x00000000ca800000| 99%| O|  |TAMS 0x00000000ca700000| PB 0x00000000ca700000| Untracked 
|  10|0x00000000ca800000, 0x00000000ca8fffb8, 0x00000000ca900000| 99%| O|  |TAMS 0x00000000ca800000| PB 0x00000000ca800000| Untracked 
|  11|0x00000000ca900000, 0x00000000ca9ffff8, 0x00000000caa00000| 99%| O|  |TAMS 0x00000000ca900000| PB 0x00000000ca900000| Untracked 
|  12|0x00000000caa00000, 0x00000000caaffeb8, 0x00000000cab00000| 99%| O|  |TAMS 0x00000000caa00000| PB 0x00000000caa00000| Untracked 
|  13|0x00000000cab00000, 0x00000000cabfffe0, 0x00000000cac00000| 99%| O|  |TAMS 0x00000000cab00000| PB 0x00000000cab00000| Untracked 
|  14|0x00000000cac00000, 0x00000000cacfffd0, 0x00000000cad00000| 99%| O|  |TAMS 0x00000000cac00000| PB 0x00000000cac00000| Untracked 
|  15|0x00000000cad00000, 0x00000000cadfffc8, 0x00000000cae00000| 99%| O|  |TAMS 0x00000000cad00000| PB 0x00000000cad00000| Untracked 
|  16|0x00000000cae00000, 0x00000000caefffd0, 0x00000000caf00000| 99%| O|  |TAMS 0x00000000cae00000| PB 0x00000000cae00000| Untracked 
|  17|0x00000000caf00000, 0x00000000caffffb0, 0x00000000cb000000| 99%| O|  |TAMS 0x00000000caf00000| PB 0x00000000caf00000| Untracked 
|  18|0x00000000cb000000, 0x00000000cb0fffc8, 0x00000000cb100000| 99%| O|  |TAMS 0x00000000cb000000| PB 0x00000000cb000000| Untracked 
|  19|0x00000000cb100000, 0x00000000cb1fffb0, 0x00000000cb200000| 99%| O|  |TAMS 0x00000000cb100000| PB 0x00000000cb100000| Untracked 
|  20|0x00000000cb200000, 0x00000000cb2ffff0, 0x00000000cb300000| 99%| O|  |TAMS 0x00000000cb200000| PB 0x00000000cb200000| Untracked 
|  21|0x00000000cb300000, 0x00000000cb3a6c48, 0x00000000cb400000| 65%| O|  |TAMS 0x00000000cb300000| PB 0x00000000cb300000| Untracked 
|  22|0x00000000cb400000, 0x00000000cb4430f8, 0x00000000cb500000| 26%| O|Cm|TAMS 0x00000000cb400000| PB 0x00000000cb400000| Complete 
|  23|0x00000000cb500000, 0x00000000cb56b610, 0x00000000cb600000| 41%| O|  |TAMS 0x00000000cb500000| PB 0x00000000cb500000| Untracked 
|  24|0x00000000cb600000, 0x00000000cb6c02b8, 0x00000000cb700000| 75%| O|  |TAMS 0x00000000cb600000| PB 0x00000000cb600000| Untracked 
|  25|0x00000000cb700000, 0x00000000cb7741b0, 0x00000000cb800000| 45%| O|  |TAMS 0x00000000cb700000| PB 0x00000000cb700000| Untracked 
|  26|0x00000000cb800000, 0x00000000cb800000, 0x00000000cb900000|  0%| F|  |TAMS 0x00000000cb800000| PB 0x00000000cb800000| Untracked 
|  27|0x00000000cb900000, 0x00000000cb900000, 0x00000000cba00000|  0%| F|  |TAMS 0x00000000cb900000| PB 0x00000000cb900000| Untracked 
|  28|0x00000000cba00000, 0x00000000cba00000, 0x00000000cbb00000|  0%| F|  |TAMS 0x00000000cba00000| PB 0x00000000cba00000| Untracked 
|  29|0x00000000cbb00000, 0x00000000cbb00000, 0x00000000cbc00000|  0%| F|  |TAMS 0x00000000cbb00000| PB 0x00000000cbb00000| Untracked 
|  30|0x00000000cbc00000, 0x00000000cbc190f0, 0x00000000cbd00000|  9%| S|CS|TAMS 0x00000000cbc00000| PB 0x00000000cbc00000| Complete 
|  31|0x00000000cbd00000, 0x00000000cbe00000, 0x00000000cbe00000|100%| S|CS|TAMS 0x00000000cbd00000| PB 0x00000000cbd00000| Complete 
|  32|0x00000000cbe00000, 0x00000000cbf00000, 0x00000000cbf00000|100%| S|CS|TAMS 0x00000000cbe00000| PB 0x00000000cbe00000| Complete 
|  33|0x00000000cbf00000, 0x00000000cc000000, 0x00000000cc000000|100%| S|CS|TAMS 0x00000000cbf00000| PB 0x00000000cbf00000| Complete 
|  34|0x00000000cc000000, 0x00000000cc100000, 0x00000000cc100000|100%| S|CS|TAMS 0x00000000cc000000| PB 0x00000000cc000000| Complete 
|  35|0x00000000cc100000, 0x00000000cc200000, 0x00000000cc200000|100%| S|CS|TAMS 0x00000000cc100000| PB 0x00000000cc100000| Complete 
|  36|0x00000000cc200000, 0x00000000cc200000, 0x00000000cc300000|  0%| F|  |TAMS 0x00000000cc200000| PB 0x00000000cc200000| Untracked 
|  37|0x00000000cc300000, 0x00000000cc300000, 0x00000000cc400000|  0%| F|  |TAMS 0x00000000cc300000| PB 0x00000000cc300000| Untracked 
|  38|0x00000000cc400000, 0x00000000cc400000, 0x00000000cc500000|  0%| F|  |TAMS 0x00000000cc400000| PB 0x00000000cc400000| Untracked 
|  39|0x00000000cc500000, 0x00000000cc500000, 0x00000000cc600000|  0%| F|  |TAMS 0x00000000cc500000| PB 0x00000000cc500000| Untracked 
|  40|0x00000000cc600000, 0x00000000cc600000, 0x00000000cc700000|  0%| F|  |TAMS 0x00000000cc600000| PB 0x00000000cc600000| Untracked 
|  41|0x00000000cc700000, 0x00000000cc700000, 0x00000000cc800000|  0%| F|  |TAMS 0x00000000cc700000| PB 0x00000000cc700000| Untracked 
|  42|0x00000000cc800000, 0x00000000cc800000, 0x00000000cc900000|  0%| F|  |TAMS 0x00000000cc800000| PB 0x00000000cc800000| Untracked 
|  43|0x00000000cc900000, 0x00000000cc900000, 0x00000000cca00000|  0%| F|  |TAMS 0x00000000cc900000| PB 0x00000000cc900000| Untracked 
|  44|0x00000000cca00000, 0x00000000cca00000, 0x00000000ccb00000|  0%| F|  |TAMS 0x00000000cca00000| PB 0x00000000cca00000| Untracked 
|  45|0x00000000ccb00000, 0x00000000ccb00000, 0x00000000ccc00000|  0%| F|  |TAMS 0x00000000ccb00000| PB 0x00000000ccb00000| Untracked 
|  46|0x00000000ccc00000, 0x00000000ccc00000, 0x00000000ccd00000|  0%| F|  |TAMS 0x00000000ccc00000| PB 0x00000000ccc00000| Untracked 
|  47|0x00000000ccd00000, 0x00000000ccd43db8, 0x00000000cce00000| 26%| E|  |TAMS 0x00000000ccd00000| PB 0x00000000ccd00000| Complete 
|  48|0x00000000cce00000, 0x00000000ccf00000, 0x00000000ccf00000|100%| E|CS|TAMS 0x00000000cce00000| PB 0x00000000cce00000| Complete 
|  49|0x00000000ccf00000, 0x00000000cd000000, 0x00000000cd000000|100%| E|CS|TAMS 0x00000000ccf00000| PB 0x00000000ccf00000| Complete 
|  50|0x00000000cd000000, 0x00000000cd100000, 0x00000000cd100000|100%| E|CS|TAMS 0x00000000cd000000| PB 0x00000000cd000000| Complete 
|  51|0x00000000cd100000, 0x00000000cd200000, 0x00000000cd200000|100%| E|CS|TAMS 0x00000000cd100000| PB 0x00000000cd100000| Complete 
|  52|0x00000000cd200000, 0x00000000cd300000, 0x00000000cd300000|100%| E|CS|TAMS 0x00000000cd200000| PB 0x00000000cd200000| Complete 
|  53|0x00000000cd300000, 0x00000000cd400000, 0x00000000cd400000|100%| E|CS|TAMS 0x00000000cd300000| PB 0x00000000cd300000| Complete 
|  54|0x00000000cd400000, 0x00000000cd500000, 0x00000000cd500000|100%| E|CS|TAMS 0x00000000cd400000| PB 0x00000000cd400000| Complete 
|  55|0x00000000cd500000, 0x00000000cd600000, 0x00000000cd600000|100%| E|CS|TAMS 0x00000000cd500000| PB 0x00000000cd500000| Complete 
|  56|0x00000000cd600000, 0x00000000cd700000, 0x00000000cd700000|100%| E|CS|TAMS 0x00000000cd600000| PB 0x00000000cd600000| Complete 
|  57|0x00000000cd700000, 0x00000000cd800000, 0x00000000cd800000|100%| E|CS|TAMS 0x00000000cd700000| PB 0x00000000cd700000| Complete 
|  58|0x00000000cd800000, 0x00000000cd900000, 0x00000000cd900000|100%| E|CS|TAMS 0x00000000cd800000| PB 0x00000000cd800000| Complete 
|  59|0x00000000cd900000, 0x00000000cda00000, 0x00000000cda00000|100%| E|CS|TAMS 0x00000000cd900000| PB 0x00000000cd900000| Complete 
|  60|0x00000000cda00000, 0x00000000cdb00000, 0x00000000cdb00000|100%| E|CS|TAMS 0x00000000cda00000| PB 0x00000000cda00000| Complete 
|  61|0x00000000cdb00000, 0x00000000cdc00000, 0x00000000cdc00000|100%| E|CS|TAMS 0x00000000cdb00000| PB 0x00000000cdb00000| Complete 
|  62|0x00000000cdc00000, 0x00000000cdd00000, 0x00000000cdd00000|100%| E|CS|TAMS 0x00000000cdc00000| PB 0x00000000cdc00000| Complete 
|  63|0x00000000cdd00000, 0x00000000cde00000, 0x00000000cde00000|100%| E|CS|TAMS 0x00000000cdd00000| PB 0x00000000cdd00000| Complete 
|  64|0x00000000cde00000, 0x00000000cdf00000, 0x00000000cdf00000|100%| E|CS|TAMS 0x00000000cde00000| PB 0x00000000cde00000| Complete 
|  65|0x00000000cdf00000, 0x00000000ce000000, 0x00000000ce000000|100%| E|CS|TAMS 0x00000000cdf00000| PB 0x00000000cdf00000| Complete 
|  66|0x00000000ce000000, 0x00000000ce100000, 0x00000000ce100000|100%| E|CS|TAMS 0x00000000ce000000| PB 0x00000000ce000000| Complete 
|  67|0x00000000ce100000, 0x00000000ce200000, 0x00000000ce200000|100%| E|CS|TAMS 0x00000000ce100000| PB 0x00000000ce100000| Complete 
|  68|0x00000000ce200000, 0x00000000ce300000, 0x00000000ce300000|100%| E|CS|TAMS 0x00000000ce200000| PB 0x00000000ce200000| Complete 
|  69|0x00000000ce300000, 0x00000000ce400000, 0x00000000ce400000|100%| E|CS|TAMS 0x00000000ce300000| PB 0x00000000ce300000| Complete 
|  70|0x00000000ce400000, 0x00000000ce500000, 0x00000000ce500000|100%| E|CS|TAMS 0x00000000ce400000| PB 0x00000000ce400000| Complete 
|  71|0x00000000ce500000, 0x00000000ce600000, 0x00000000ce600000|100%| E|CS|TAMS 0x00000000ce500000| PB 0x00000000ce500000| Complete 
|  72|0x00000000ce600000, 0x00000000ce700000, 0x00000000ce700000|100%| E|CS|TAMS 0x00000000ce600000| PB 0x00000000ce600000| Complete 
|  73|0x00000000ce700000, 0x00000000ce800000, 0x00000000ce800000|100%| E|CS|TAMS 0x00000000ce700000| PB 0x00000000ce700000| Complete 
|  74|0x00000000ce800000, 0x00000000ce900000, 0x00000000ce900000|100%| E|CS|TAMS 0x00000000ce800000| PB 0x00000000ce800000| Complete 
|  75|0x00000000ce900000, 0x00000000cea00000, 0x00000000cea00000|100%| E|CS|TAMS 0x00000000ce900000| PB 0x00000000ce900000| Complete 
| 864|0x00000000ffe00000, 0x00000000fff00000, 0x00000000fff00000|100%| E|CS|TAMS 0x00000000ffe00000| PB 0x00000000ffe00000| Complete 
| 865|0x00000000fff00000, 0x0000000100000000, 0x0000000100000000|100%| E|CS|TAMS 0x00000000fff00000| PB 0x00000000fff00000| Complete 

Card table byte_map: [0x0000014cf6440000,0x0000014cf6600000] _byte_map_base: 0x0000014cf5df1000

Marking Bits: (CMBitMap*) 0x0000014cef825450
 Bits: [0x0000014cf6600000, 0x0000014cf7388000)

Polling page: 0x0000014ced590000

Metaspace:

Usage:
  Non-class:     60.87 MB used.
      Class:      9.82 MB used.
       Both:     70.69 MB used.

Virtual space:
  Non-class space:       64.00 MB reserved,      61.31 MB ( 96%) committed,  1 nodes.
      Class space:        1.00 GB reserved,      10.19 MB ( <1%) committed,  1 nodes.
             Both:        1.06 GB reserved,      71.50 MB (  7%) committed. 

Chunk freelists:
   Non-Class:  2.15 MB
       Class:  5.67 MB
        Both:  7.82 MB

MaxMetaspaceSize: unlimited
CompressedClassSpaceSize: 1.00 GB
Initial GC threshold: 21.00 MB
Current GC threshold: 118.56 MB
CDS: on
 - commit_granule_bytes: 65536.
 - commit_granule_words: 8192.
 - virtual_space_node_default_size: 8388608.
 - enlarge_chunks_in_place: 1.
 - use_allocation_guard: 0.


Internal statistics:

num_allocs_failed_limit: 9.
num_arena_births: 2300.
num_arena_deaths: 1302.
num_vsnodes_births: 2.
num_vsnodes_deaths: 0.
num_space_committed: 1144.
num_space_uncommitted: 0.
num_chunks_returned_to_freelist: 1537.
num_chunks_taken_from_freelist: 5365.
num_chunk_merges: 303.
num_chunk_splits: 3197.
num_chunks_enlarged: 2358.
num_inconsistent_stats: 0.

CodeCache: size=49152Kb used=14608Kb max_used=15146Kb free=34543Kb
 bounds [0x0000014cf3170000, 0x0000014cf4050000, 0x0000014cf6170000]
 total_blobs=8250 nmethods=7521 adapters=651
 compilation: enabled
              stopped_count=0, restarted_count=0
 full_count=0

Compilation events (20 events):
Event: 60325.242 Thread 0x0000014cf9da4890 15233       1       java.util.concurrent.ScheduledThreadPoolExecutor$DelayedWorkQueue::indexOf (79 bytes)
Event: 60325.246 Thread 0x0000014cf9da4890 nmethod 15233 0x0000014cf3eeb010 code [0x0000014cf3eeb1e0, 0x0000014cf3eeb490]
Event: 60325.281 Thread 0x0000014cf9da4890 15234       1       java.util.ArrayList$ListItr::hasPrevious (13 bytes)
Event: 60325.281 Thread 0x0000014cf9da4890 nmethod 15234 0x0000014cf3da1d10 code [0x0000014cf3da1ea0, 0x0000014cf3da1f78]
Event: 60325.287 Thread 0x0000014cf9da4890 15235       1       java.util.concurrent.ConcurrentHashMap$BaseIterator::remove (37 bytes)
Event: 60325.290 Thread 0x0000014cf9da4890 nmethod 15235 0x0000014cf3d7ba10 code [0x0000014cf3d7bbc0, 0x0000014cf3d7bd98]
Event: 60325.335 Thread 0x0000014cf9da4890 15236       1       sun.nio.ch.SocketDispatcher::close (5 bytes)
Event: 60325.336 Thread 0x0000014cf9da4890 nmethod 15236 0x0000014cf3e32c90 code [0x0000014cf3e32e40, 0x0000014cf3e32f20]
Event: 60325.336 Thread 0x0000014cf9da4890 15237       1       sun.nio.ch.SocketDispatcher::invalidateAndClose (46 bytes)
Event: 60325.338 Thread 0x0000014cf9da4890 nmethod 15237 0x0000014cf3eeaa90 code [0x0000014cf3eeac40, 0x0000014cf3eeae80]
Event: 60325.338 Thread 0x0000014cf9da4890 15238       1       java.io.FileDescriptor$1::set (6 bytes)
Event: 60325.338 Thread 0x0000014cf9da4890 nmethod 15238 0x0000014cf3d37b10 code [0x0000014cf3d37cc0, 0x0000014cf3d37f00]
Event: 60325.338 Thread 0x0000014cf9da4890 15239  s    1       java.io.FileDescriptor::set (30 bytes)
Event: 60325.339 Thread 0x0000014cf9da4890 nmethod 15239 0x0000014cf3e3aa10 code [0x0000014cf3e3abc0, 0x0000014cf3e3adc8]
Event: 60325.373 Thread 0x0000014cf9da4890 15240       1       org.apache.tomcat.util.collections.ManagedConcurrentWeakHashMap::get (21 bytes)
Event: 60325.379 Thread 0x0000014cf9da4890 nmethod 15240 0x0000014cf3d99990 code [0x0000014cf3d99b60, 0x0000014cf3d99d90]
Event: 60325.379 Thread 0x0000014cf9da4890 15241       1       org.apache.tomcat.util.collections.ManagedConcurrentWeakHashMap::createLookupKey (10 bytes)
Event: 60325.379 Thread 0x0000014cf9da4890 nmethod 15241 0x0000014cf3e64810 code [0x0000014cf3e649c0, 0x0000014cf3e64c00]
Event: 60325.379 Thread 0x0000014cf9da4890 15242       1       java.util.concurrent.ConcurrentHashMap$CollectionView::toArray (204 bytes)
Event: 60325.386 Thread 0x0000014cf9da4890 nmethod 15242 0x0000014cf3ee9c90 code [0x0000014cf3ee9ee0, 0x0000014cf3eea610]

GC Heap History (20 events):
Event: 57949.576 GC heap after
{Heap after GC invocations=59 (full 3):
 garbage-first heap   total 79872K, used 33412K [0x00000000c9e00000, 0x0000000100000000)
  region size 1024K, 5 young (5120K), 5 survivors (5120K)
 Metaspace       used 71536K, committed 72256K, reserved 1114112K
  class space    used 9979K, committed 10304K, reserved 1048576K
}
Event: 58350.181 GC heap before
{Heap before GC invocations=59 (full 3):
 garbage-first heap   total 79872K, used 50820K [0x00000000c9e00000, 0x0000000100000000)
  region size 1024K, 23 young (23552K), 5 survivors (5120K)
 Metaspace       used 71539K, committed 72320K, reserved 1114112K
  class space    used 9979K, committed 10304K, reserved 1048576K
}
Event: 58351.319 GC heap after
{Heap after GC invocations=60 (full 4):
 garbage-first heap   total 79872K, used 24347K [0x00000000c9e00000, 0x0000000100000000)
  region size 1024K, 0 young (0K), 0 survivors (0K)
 Metaspace       used 71328K, committed 72320K, reserved 1114112K
  class space    used 9924K, committed 10304K, reserved 1048576K
}
Event: 58355.662 GC heap before
{Heap before GC invocations=60 (full 4):
 garbage-first heap   total 79872K, used 62235K [0x00000000c9e00000, 0x0000000100000000)
  region size 1024K, 38 young (38912K), 0 survivors (0K)
 Metaspace       used 71499K, committed 72320K, reserved 1114112K
  class space    used 9964K, committed 10304K, reserved 1048576K
}
Event: 58355.690 GC heap after
{Heap after GC invocations=61 (full 4):
 garbage-first heap   total 79872K, used 29467K [0x00000000c9e00000, 0x0000000100000000)
  region size 1024K, 5 young (5120K), 5 survivors (5120K)
 Metaspace       used 71499K, committed 72320K, reserved 1114112K
  class space    used 9964K, committed 10304K, reserved 1048576K
}
Event: 58358.556 GC heap before
{Heap before GC invocations=62 (full 4):
 garbage-first heap   total 79872K, used 61211K [0x00000000c9e00000, 0x0000000100000000)
  region size 1024K, 38 young (38912K), 5 survivors (5120K)
 Metaspace       used 71809K, committed 72576K, reserved 1114112K
  class space    used 10001K, committed 10304K, reserved 1048576K
}
Event: 58358.669 GC heap after
{Heap after GC invocations=63 (full 5):
 garbage-first heap   total 79872K, used 27071K [0x00000000c9e00000, 0x0000000100000000)
  region size 1024K, 0 young (0K), 0 survivors (0K)
 Metaspace       used 71743K, committed 72576K, reserved 1114112K
  class space    used 9984K, committed 10304K, reserved 1048576K
}
Event: 58359.842 GC heap before
{Heap before GC invocations=63 (full 5):
 garbage-first heap   total 79872K, used 62911K [0x00000000c9e00000, 0x0000000100000000)
  region size 1024K, 36 young (36864K), 0 survivors (0K)
 Metaspace       used 71799K, committed 72576K, reserved 1114112K
  class space    used 9994K, committed 10304K, reserved 1048576K
}
Event: 58359.850 GC heap after
{Heap after GC invocations=64 (full 5):
 garbage-first heap   total 79872K, used 30815K [0x00000000c9e00000, 0x0000000100000000)
  region size 1024K, 4 young (4096K), 4 survivors (4096K)
 Metaspace       used 71799K, committed 72576K, reserved 1114112K
  class space    used 9994K, committed 10304K, reserved 1048576K
}
Event: 58521.063 GC heap before
{Heap before GC invocations=65 (full 5):
 garbage-first heap   total 79872K, used 65631K [0x00000000c9e00000, 0x0000000100000000)
  region size 1024K, 38 young (38912K), 4 survivors (4096K)
 Metaspace       used 72030K, committed 72832K, reserved 1114112K
  class space    used 10011K, committed 10368K, reserved 1048576K
}
Event: 58521.155 GC heap after
{Heap after GC invocations=66 (full 5):
 garbage-first heap   total 79872K, used 32073K [0x00000000c9e00000, 0x0000000100000000)
  region size 1024K, 3 young (3072K), 3 survivors (3072K)
 Metaspace       used 72030K, committed 72832K, reserved 1114112K
  class space    used 10011K, committed 10368K, reserved 1048576K
}
Event: 59325.290 GC heap before
{Heap before GC invocations=66 (full 5):
 garbage-first heap   total 79872K, used 65865K [0x00000000c9e00000, 0x0000000100000000)
  region size 1024K, 36 young (36864K), 3 survivors (3072K)
 Metaspace       used 72030K, committed 72832K, reserved 1114112K
  class space    used 10011K, committed 10368K, reserved 1048576K
}
Event: 59325.351 GC heap after
{Heap after GC invocations=67 (full 5):
 garbage-first heap   total 79872K, used 31970K [0x00000000c9e00000, 0x0000000100000000)
  region size 1024K, 3 young (3072K), 3 survivors (3072K)
 Metaspace       used 72030K, committed 72832K, reserved 1114112K
  class space    used 10011K, committed 10368K, reserved 1048576K
}
Event: 60083.218 GC heap before
{Heap before GC invocations=67 (full 5):
 garbage-first heap   total 79872K, used 67810K [0x00000000c9e00000, 0x0000000100000000)
  region size 1024K, 38 young (38912K), 3 survivors (3072K)
 Metaspace       used 72030K, committed 72832K, reserved 1114112K
  class space    used 10011K, committed 10368K, reserved 1048576K
}
Event: 60083.288 GC heap after
{Heap after GC invocations=68 (full 5):
 garbage-first heap   total 79872K, used 32236K [0x00000000c9e00000, 0x0000000100000000)
  region size 1024K, 3 young (3072K), 3 survivors (3072K)
 Metaspace       used 72030K, committed 72832K, reserved 1114112K
  class space    used 10011K, committed 10368K, reserved 1048576K
}
Event: 60279.210 GC heap before
{Heap before GC invocations=69 (full 5):
 garbage-first heap   total 79872K, used 42476K [0x00000000c9e00000, 0x0000000100000000)
  region size 1024K, 14 young (14336K), 3 survivors (3072K)
 Metaspace       used 71914K, committed 72832K, reserved 1114112K
  class space    used 9980K, committed 10368K, reserved 1048576K
}
Event: 60281.452 GC heap after
{Heap after GC invocations=70 (full 6):
 garbage-first heap   total 79872K, used 24100K [0x00000000c9e00000, 0x0000000100000000)
  region size 1024K, 0 young (0K), 0 survivors (0K)
 Metaspace       used 71906K, committed 72832K, reserved 1114112K
  class space    used 9978K, committed 10368K, reserved 1048576K
}
Event: 60282.804 GC heap before
{Heap before GC invocations=70 (full 6):
 garbage-first heap   total 79872K, used 66084K [0x00000000c9e00000, 0x0000000100000000)
  region size 1024K, 42 young (43008K), 0 survivors (0K)
 Metaspace       used 72083K, committed 72832K, reserved 1114112K
  class space    used 10020K, committed 10368K, reserved 1048576K
}
Event: 60282.818 GC heap after
{Heap after GC invocations=71 (full 6):
 garbage-first heap   total 79872K, used 29321K [0x00000000c9e00000, 0x0000000100000000)
  region size 1024K, 6 young (6144K), 6 survivors (6144K)
 Metaspace       used 72083K, committed 72832K, reserved 1114112K
  class space    used 10020K, committed 10368K, reserved 1048576K
}
Event: 60325.428 GC heap before
{Heap before GC invocations=72 (full 6):
 garbage-first heap   total 79872K, used 60041K [0x00000000c9e00000, 0x0000000100000000)
  region size 1024K, 37 young (37888K), 6 survivors (6144K)
 Metaspace       used 72383K, committed 73216K, reserved 1114112K
  class space    used 10055K, committed 10432K, reserved 1048576K
}

Dll operation events (11 events):
Event: 0.026 Loaded shared library C:\Users\Admin\Downloads\spring-tools-for-eclipse-4.30.0.RELEASE-e4.35.0-win32.win32.x86_64\sts-4.30.0.RELEASE\plugins\org.eclipse.justj.openjdk.hotspot.jre.full.win32.x86_64_21.0.6.v20250130-0529\jre\bin\java.dll
Event: 0.090 Loaded shared library C:\Users\Admin\Downloads\spring-tools-for-eclipse-4.30.0.RELEASE-e4.35.0-win32.win32.x86_64\sts-4.30.0.RELEASE\plugins\org.eclipse.justj.openjdk.hotspot.jre.full.win32.x86_64_21.0.6.v20250130-0529\jre\bin\zip.dll
Event: 0.337 Loaded shared library C:\Users\Admin\Downloads\spring-tools-for-eclipse-4.30.0.RELEASE-e4.35.0-win32.win32.x86_64\sts-4.30.0.RELEASE\plugins\org.eclipse.justj.openjdk.hotspot.jre.full.win32.x86_64_21.0.6.v20250130-0529\jre\bin\jimage.dll
Event: 0.357 Loaded shared library C:\Users\Admin\Downloads\spring-tools-for-eclipse-4.30.0.RELEASE-e4.35.0-win32.win32.x86_64\sts-4.30.0.RELEASE\plugins\org.eclipse.justj.openjdk.hotspot.jre.full.win32.x86_64_21.0.6.v20250130-0529\jre\bin\net.dll
Event: 0.366 Loaded shared library C:\Users\Admin\Downloads\spring-tools-for-eclipse-4.30.0.RELEASE-e4.35.0-win32.win32.x86_64\sts-4.30.0.RELEASE\plugins\org.eclipse.justj.openjdk.hotspot.jre.full.win32.x86_64_21.0.6.v20250130-0529\jre\bin\nio.dll
Event: 0.374 Loaded shared library C:\Users\Admin\Downloads\spring-tools-for-eclipse-4.30.0.RELEASE-e4.35.0-win32.win32.x86_64\sts-4.30.0.RELEASE\plugins\org.eclipse.justj.openjdk.hotspot.jre.full.win32.x86_64_21.0.6.v20250130-0529\jre\bin\zip.dll
Event: 1.784 Loaded shared library C:\Users\Admin\Downloads\spring-tools-for-eclipse-4.30.0.RELEASE-e4.35.0-win32.win32.x86_64\sts-4.30.0.RELEASE\plugins\org.eclipse.justj.openjdk.hotspot.jre.full.win32.x86_64_21.0.6.v20250130-0529\jre\bin\management.dll
Event: 1.822 Loaded shared library C:\Users\Admin\Downloads\spring-tools-for-eclipse-4.30.0.RELEASE-e4.35.0-win32.win32.x86_64\sts-4.30.0.RELEASE\plugins\org.eclipse.justj.openjdk.hotspot.jre.full.win32.x86_64_21.0.6.v20250130-0529\jre\bin\management_ext.dll
Event: 2.486 Loaded shared library C:\Users\Admin\Downloads\spring-tools-for-eclipse-4.30.0.RELEASE-e4.35.0-win32.win32.x86_64\sts-4.30.0.RELEASE\plugins\org.eclipse.justj.openjdk.hotspot.jre.full.win32.x86_64_21.0.6.v20250130-0529\jre\bin\extnet.dll
Event: 4.863 Loaded shared library C:\Users\Admin\Downloads\spring-tools-for-eclipse-4.30.0.RELEASE-e4.35.0-win32.win32.x86_64\sts-4.30.0.RELEASE\plugins\org.eclipse.justj.openjdk.hotspot.jre.full.win32.x86_64_21.0.6.v20250130-0529\jre\bin\sunmscapi.dll
Event: 9.112 Loaded shared library C:\Users\Admin\Downloads\spring-tools-for-eclipse-4.30.0.RELEASE-e4.35.0-win32.win32.x86_64\sts-4.30.0.RELEASE\plugins\org.eclipse.justj.openjdk.hotspot.jre.full.win32.x86_64_21.0.6.v20250130-0529\jre\bin\verify.dll

Deoptimization events (4 events):
Event: 7.106 Thread 0x0000014cfea9b290 DEOPT PACKING pc=0x0000014cf39c6b9c sp=0x0000000867bfb810
Event: 7.106 Thread 0x0000014cfea9b290 DEOPT UNPACKING pc=0x0000014cf31c4e42 sp=0x0000000867bfadb8 mode 0
Event: 7.106 Thread 0x0000014cfea9b290 DEOPT PACKING pc=0x0000014cf397128c sp=0x0000000867bfba10
Event: 7.106 Thread 0x0000014cfea9b290 DEOPT UNPACKING pc=0x0000014cf31c4e42 sp=0x0000000867bfaed0 mode 0

Classes loaded (20 events):
Event: 4357.463 Loading class java/lang/ref/Finalizer$2
Event: 4357.465 Loading class java/lang/ref/Finalizer$2 done
Event: 4357.465 Loading class java/lang/ref/Finalizer$1
Event: 4357.471 Loading class java/lang/ref/Finalizer$1 done
Event: 4359.330 Loading class java/time/DurationEditor
Event: 4359.330 Loading class java/time/DurationEditor done
Event: 57443.500 Loading class java/time/DurationEditor
Event: 57443.501 Loading class java/time/DurationEditor done
Event: 57453.534 Loading class org/w3c/dom/Node
Event: 57453.539 Loading class org/w3c/dom/Node done
Event: 57453.539 Loading class org/w3c/dom/Document
Event: 57453.541 Loading class org/w3c/dom/Document done
Event: 57630.754 Loading class java/time/DurationEditor
Event: 57630.756 Loading class java/time/DurationEditor done
Event: 57632.962 Loading class jdk/internal/loader/BootLoader$PackageHelper
Event: 57632.965 Loading class jdk/internal/loader/BootLoader$PackageHelper done
Event: 58356.662 Loading class java/time/DurationEditor
Event: 58356.665 Loading class java/time/DurationEditor done
Event: 60283.116 Loading class java/time/DurationEditor
Event: 60283.124 Loading class java/time/DurationEditor done

Classes unloaded (20 events):
Event: 60083.436 Thread 0x0000014ced408ec0 Unloading class 0x0000014c81a03400 'java/lang/invoke/LambdaForm$MH+0x0000014c81a03400'
Event: 60083.436 Thread 0x0000014ced408ec0 Unloading class 0x0000014c818d0000 'java/lang/invoke/LambdaForm$MH+0x0000014c818d0000'
Event: 60083.436 Thread 0x0000014ced408ec0 Unloading class 0x0000014c81a03c00 'java/lang/invoke/LambdaForm$MH+0x0000014c81a03c00'
Event: 60083.437 Thread 0x0000014ced408ec0 Unloading class 0x0000014c81a28c00 'java/lang/invoke/LambdaForm$MH+0x0000014c81a28c00'
Event: 60083.437 Thread 0x0000014ced408ec0 Unloading class 0x0000014c81a2ac00 'java/lang/invoke/LambdaForm$MH+0x0000014c81a2ac00'
Event: 60083.437 Thread 0x0000014ced408ec0 Unloading class 0x0000014c81a2b400 'java/lang/invoke/LambdaForm$BMH+0x0000014c81a2b400'
Event: 60083.437 Thread 0x0000014ced408ec0 Unloading class 0x0000014c81a2c400 'java/lang/invoke/LambdaForm$MH+0x0000014c81a2c400'
Event: 60083.437 Thread 0x0000014ced408ec0 Unloading class 0x0000014c81a2d400 'java/lang/invoke/LambdaForm$DMH+0x0000014c81a2d400'
Event: 60083.437 Thread 0x0000014ced408ec0 Unloading class 0x0000014c81a2e000 'java/lang/invoke/LambdaForm$MH+0x0000014c81a2e000'
Event: 60083.437 Thread 0x0000014ced408ec0 Unloading class 0x0000014c81a2e800 'java/lang/invoke/LambdaForm$MH+0x0000014c81a2e800'
Event: 60083.437 Thread 0x0000014ced408ec0 Unloading class 0x0000014c81a30000 'java/lang/invoke/LambdaForm$MH+0x0000014c81a30000'
Event: 60083.437 Thread 0x0000014ced408ec0 Unloading class 0x0000014c81a31c00 'java/lang/invoke/LambdaForm$MH+0x0000014c81a31c00'
Event: 60083.437 Thread 0x0000014ced408ec0 Unloading class 0x0000014c81a32400 'java/lang/invoke/LambdaForm$MH+0x0000014c81a32400'
Event: 60083.438 Thread 0x0000014ced408ec0 Unloading class 0x0000014c81a33000 'java/lang/invoke/LambdaForm$MH+0x0000014c81a33000'
Event: 60083.438 Thread 0x0000014ced408ec0 Unloading class 0x0000014c81a0a800 'java/lang/invoke/LambdaForm$MH+0x0000014c81a0a800'
Event: 60083.438 Thread 0x0000014ced408ec0 Unloading class 0x0000014c81a10c00 'java/lang/invoke/LambdaForm$MH+0x0000014c81a10c00'
Event: 60279.543 Thread 0x0000014ced408ec0 Unloading class 0x0000014c813c0000 'java/lang/invoke/LambdaForm$MH+0x0000014c813c0000'
Event: 60279.543 Thread 0x0000014ced408ec0 Unloading class 0x0000014c818ad000 'java/lang/invoke/LambdaForm$DMH+0x0000014c818ad000'
Event: 60279.545 Thread 0x0000014ced408ec0 Unloading class 0x0000014c81a0a400 'java/lang/invoke/LambdaForm$MH+0x0000014c81a0a400'
Event: 60279.545 Thread 0x0000014ced408ec0 Unloading class 0x0000014c81a28000 'java/lang/invoke/LambdaForm$MH+0x0000014c81a28000'

Classes redefined (0 events):
No events

Internal exceptions (20 events):
Event: 59737.724 Thread 0x0000014cff948870 Exception <a 'java/io/IOException'{0x00000000cda5ce18}> (0x00000000cda5ce18) 
thrown [s\src\hotspot\share\prims\jni.cpp, line 520]
Event: 59810.036 Thread 0x0000014cc223e550 Exception <a 'java/net/SocketException'{0x00000000cd799c30}: Connection reset by peer: shutdown> (0x00000000cd799c30) 
thrown [s\src\hotspot\share\prims\jni.cpp, line 539]
Event: 60014.085 Thread 0x0000014cc223e550 Exception <a 'java/io/IOException'{0x00000000ccc4d8d0}> (0x00000000ccc4d8d0) 
thrown [s\src\hotspot\share\prims\jni.cpp, line 520]
Event: 60014.099 Thread 0x0000014cc223e550 Exception <a 'java/io/IOException'{0x00000000ccc4e4f0}> (0x00000000ccc4e4f0) 
thrown [s\src\hotspot\share\prims\jni.cpp, line 520]
Event: 60082.988 Thread 0x0000014cc223e550 Exception <a 'java/net/SocketException'{0x00000000cc8a0320}: Connection reset by peer: shutdown> (0x00000000cc8a0320) 
thrown [s\src\hotspot\share\prims\jni.cpp, line 539]
Event: 60279.183 Thread 0x0000014cc223ebe0 Exception <a 'java/lang/InterruptedException'{0x00000000ce1ca5c8}: sleep interrupted> (0x00000000ce1ca5c8) 
thrown [s\src\hotspot\share\prims\jvm.cpp, line 3074]
Event: 60281.668 Thread 0x0000014cc2240620 Exception <a 'sun/nio/fs/WindowsException'{0x00000000fffb7828}> (0x00000000fffb7828) 
thrown [s\src\hotspot\share\prims\jni.cpp, line 520]
Event: 60282.342 Thread 0x0000014cc2240620 Exception <a 'java/lang/NoClassDefFoundError'{0x00000000cd220a90}: org/flywaydb/core/Flyway> (0x00000000cd220a90) 
thrown [s\src\hotspot\share\oops\constantPool.cpp, line 873]
Event: 60282.342 Thread 0x0000014cc2240620 Exception <a 'java/lang/NoClassDefFoundError'{0x00000000cd2210f0}: liquibase/integration/spring/SpringLiquibase> (0x00000000cd2210f0) 
thrown [s\src\hotspot\share\oops\constantPool.cpp, line 873]
Event: 60282.346 Thread 0x0000014cc2240620 Exception <a 'java/lang/NoClassDefFoundError'{0x00000000cd24c8a0}: org/jooq/DSLContext> (0x00000000cd24c8a0) 
thrown [s\src\hotspot\share\oops\constantPool.cpp, line 873]
Event: 60282.352 Thread 0x0000014cc2240620 Exception <a 'java/lang/NoClassDefFoundError'{0x00000000cd2a5f10}: org/springframework/batch/core/repository/JobRepository> (0x00000000cd2a5f10) 
thrown [s\src\hotspot\share\oops\constantPool.cpp, line 873]
Event: 60282.352 Thread 0x0000014cc2240620 Exception <a 'java/lang/NoClassDefFoundError'{0x00000000cd2a6568}: org/quartz/Scheduler> (0x00000000cd2a6568) 
thrown [s\src\hotspot\share\oops\constantPool.cpp, line 873]
Event: 60282.352 Thread 0x0000014cc2240620 Exception <a 'java/lang/NoClassDefFoundError'{0x00000000cd2a6be8}: org/springframework/session/jdbc/JdbcIndexedSessionRepository> (0x00000000cd2a6be8) 
thrown [s\src\hotspot\share\oops\constantPool.cpp, line 873]
Event: 60282.365 Thread 0x0000014cc2240620 Exception <a 'java/lang/NoSuchMethodError'{0x00000000cd139b08}: 'void java.lang.invoke.DelegatingMethodHandle$Holder.reinvoke_L(java.lang.Object, java.lang.Object, int)'> (0x00000000cd139b08) 
thrown [s\src\hotspot\share\interpreter\linkResolver.cpp, line 773]
Event: 60282.501 Thread 0x0000014cc2240620 Exception <a 'java/lang/NoSuchMethodError'{0x00000000ccb41a70}: 'int java.lang.invoke.DirectMethodHandle$Holder.invokeVirtual(java.lang.Object, java.lang.Object, java.lang.Object, java.lang.Object)'> (0x00000000ccb41a70) 
thrown [s\src\hotspot\share\interpreter\linkResolver.cpp, line 773]
Event: 60282.502 Thread 0x0000014cc2240620 Exception <a 'java/lang/NoSuchMethodError'{0x00000000ccb45068}: 'int java.lang.invoke.DelegatingMethodHandle$Holder.reinvoke_L(java.lang.Object, java.lang.Object, java.lang.Object, java.lang.Object)'> (0x00000000ccb45068) 
thrown [s\src\hotspot\share\interpreter\linkResolver.cpp, line 773]
Event: 60282.513 Thread 0x0000014cc2240620 Exception <a 'java/io/FileNotFoundException'{0x00000000ccb8b628}> (0x00000000ccb8b628) 
thrown [s\src\hotspot\share\prims\jni.cpp, line 520]
Event: 60282.569 Thread 0x0000014cc2240620 Exception <a 'java/io/FileNotFoundException'{0x00000000cc9a70e8}> (0x00000000cc9a70e8) 
thrown [s\src\hotspot\share\prims\jni.cpp, line 520]
Event: 60283.312 Thread 0x0000014cc2240620 Exception <a 'java/net/BindException'{0x00000000cd23d170}: Address already in use: bind> (0x00000000cd23d170) 
thrown [s\src\hotspot\share\prims\jni.cpp, line 539]
Event: 60325.419 Thread 0x0000014cc223f900 Exception <a 'java/lang/InterruptedException'{0x00000000ccd2cd48}: sleep interrupted> (0x00000000ccd2cd48) 
thrown [s\src\hotspot\share\prims\jvm.cpp, line 3074]

ZGC Phase Switch (0 events):
No events

VM Operations (20 events):
Event: 60083.288 Executing VM operation: G1CollectForAllocation (G1 Evacuation Pause) done
Event: 60083.425 Executing VM operation: G1PauseRemark
Event: 60083.768 Executing VM operation: G1PauseRemark done
Event: 60083.895 Executing VM operation: G1PauseCleanup
Event: 60083.907 Executing VM operation: G1PauseCleanup done
Event: 60279.208 Executing VM operation: G1CollectFull (System.gc())
Event: 60281.452 Executing VM operation: G1CollectFull (System.gc()) done
Event: 60282.237 Executing VM operation: HandshakeAllThreads (HandshakeForDeflation)
Event: 60282.237 Executing VM operation: HandshakeAllThreads (HandshakeForDeflation) done
Event: 60282.237 Executing VM operation: RendezvousGCThreads
Event: 60282.237 Executing VM operation: RendezvousGCThreads done
Event: 60282.804 Executing VM operation: G1CollectForAllocation (G1 Evacuation Pause)
Event: 60282.818 Executing VM operation: G1CollectForAllocation (G1 Evacuation Pause) done
Event: 60282.844 Executing VM operation: G1PauseRemark
Event: 60282.849 Executing VM operation: G1PauseRemark done
Event: 60282.856 Executing VM operation: G1PauseCleanup
Event: 60282.856 Executing VM operation: G1PauseCleanup done
Event: 60283.866 Executing VM operation: Cleanup
Event: 60283.866 Executing VM operation: Cleanup done
Event: 60325.427 Executing VM operation: G1CollectFull (System.gc())

Memory protections (0 events):
No events

Nmethod flushes (20 events):
Event: 60282.848 Thread 0x0000014ced408ec0 flushing  nmethod 0x0000014cf346d990
Event: 60282.848 Thread 0x0000014ced408ec0 flushing  nmethod 0x0000014cf3471c10
Event: 60282.848 Thread 0x0000014ced408ec0 flushing  nmethod 0x0000014cf348ee90
Event: 60282.848 Thread 0x0000014ced408ec0 flushing  nmethod 0x0000014cf3492610
Event: 60282.848 Thread 0x0000014ced408ec0 flushing  nmethod 0x0000014cf3615890
Event: 60282.848 Thread 0x0000014ced408ec0 flushing  nmethod 0x0000014cf3616310
Event: 60282.848 Thread 0x0000014ced408ec0 flushing  nmethod 0x0000014cf362c390
Event: 60282.848 Thread 0x0000014ced408ec0 flushing  nmethod 0x0000014cf3706010
Event: 60282.848 Thread 0x0000014ced408ec0 flushing  nmethod 0x0000014cf3729710
Event: 60282.848 Thread 0x0000014ced408ec0 flushing  nmethod 0x0000014cf374c810
Event: 60282.848 Thread 0x0000014ced408ec0 flushing  nmethod 0x0000014cf37ed990
Event: 60282.848 Thread 0x0000014ced408ec0 flushing  nmethod 0x0000014cf38f0090
Event: 60282.848 Thread 0x0000014ced408ec0 flushing  nmethod 0x0000014cf391dc90
Event: 60282.848 Thread 0x0000014ced408ec0 flushing  nmethod 0x0000014cf398e890
Event: 60282.848 Thread 0x0000014ced408ec0 flushing  nmethod 0x0000014cf3990f10
Event: 60282.848 Thread 0x0000014ced408ec0 flushing  nmethod 0x0000014cf3a1ce10
Event: 60282.848 Thread 0x0000014ced408ec0 flushing  nmethod 0x0000014cf3abf590
Event: 60282.848 Thread 0x0000014ced408ec0 flushing  nmethod 0x0000014cf3adea90
Event: 60282.848 Thread 0x0000014ced408ec0 flushing  nmethod 0x0000014cf3b86810
Event: 60282.848 Thread 0x0000014ced408ec0 flushing  nmethod 0x0000014cf3d4dc90

Events (20 events):
Event: 60325.178 Thread 0x0000014cc2240620 Thread added: 0x0000014cc223e550
Event: 60325.220 Thread 0x0000014cff947b50 Thread exited: 0x0000014cff947b50
Event: 60325.221 Thread 0x0000014cc223e550 Thread exited: 0x0000014cc223e550
Event: 60325.227 Thread 0x0000014cff9474c0 Thread exited: 0x0000014cff9474c0
Event: 60325.231 Thread 0x0000014cc2243aa0 Thread exited: 0x0000014cc2243aa0
Event: 60325.231 Thread 0x0000014cff948870 Thread exited: 0x0000014cff948870
Event: 60325.231 Thread 0x0000014cc2242d80 Thread exited: 0x0000014cc2242d80
Event: 60325.232 Thread 0x0000014cc22419d0 Thread exited: 0x0000014cc22419d0
Event: 60325.232 Thread 0x0000014cc22447c0 Thread exited: 0x0000014cc22447c0
Event: 60325.232 Thread 0x0000014cc2243410 Thread exited: 0x0000014cc2243410
Event: 60325.232 Thread 0x0000014cc22454e0 Thread exited: 0x0000014cc22454e0
Event: 60325.232 Thread 0x0000014cc2244130 Thread exited: 0x0000014cc2244130
Event: 60325.232 Thread 0x0000014cc22426f0 Thread exited: 0x0000014cc22426f0
Event: 60325.232 Thread 0x0000014cc2244e50 Thread exited: 0x0000014cc2244e50
Event: 60325.300 Thread 0x0000014cc2240620 Thread added: 0x0000014cc2241340
Event: 60325.302 Thread 0x0000014cc223ff90 Thread exited: 0x0000014cc223ff90
Event: 60325.351 Thread 0x0000014cc2241340 Thread exited: 0x0000014cc2241340
Event: 60325.418 Thread 0x0000014cc223ebe0 Thread exited: 0x0000014cc223ebe0
Event: 60325.418 Thread 0x0000014cc223f270 Thread exited: 0x0000014cc223f270
Event: 60325.419 Thread 0x0000014cc223f900 Thread exited: 0x0000014cc223f900


Dynamic libraries:
0x00007ff67dd20000 - 0x00007ff67dd2e000 	C:\Users\Admin\Downloads\spring-tools-for-eclipse-4.30.0.RELEASE-e4.35.0-win32.win32.x86_64\sts-4.30.0.RELEASE\plugins\org.eclipse.justj.openjdk.hotspot.jre.full.win32.x86_64_21.0.6.v20250130-0529\jre\bin\javaw.exe
0x00007ffd992e0000 - 0x00007ffd99545000 	C:\WINDOWS\SYSTEM32\ntdll.dll
0x00007ffd98510000 - 0x00007ffd985d9000 	C:\WINDOWS\System32\KERNEL32.DLL
0x00007ffd96700000 - 0x00007ffd96ae8000 	C:\WINDOWS\System32\KERNELBASE.dll
0x00007ffd96b90000 - 0x00007ffd96cdb000 	C:\WINDOWS\System32\ucrtbase.dll
0x00007ffd76200000 - 0x00007ffd7621e000 	C:\Users\Admin\Downloads\spring-tools-for-eclipse-4.30.0.RELEASE-e4.35.0-win32.win32.x86_64\sts-4.30.0.RELEASE\plugins\org.eclipse.justj.openjdk.hotspot.jre.full.win32.x86_64_21.0.6.v20250130-0529\jre\bin\VCRUNTIME140.dll
0x00007ffd7c6e0000 - 0x00007ffd7c6f8000 	C:\Users\Admin\Downloads\spring-tools-for-eclipse-4.30.0.RELEASE-e4.35.0-win32.win32.x86_64\sts-4.30.0.RELEASE\plugins\org.eclipse.justj.openjdk.hotspot.jre.full.win32.x86_64_21.0.6.v20250130-0529\jre\bin\jli.dll
0x00007ffd98f40000 - 0x00007ffd9910a000 	C:\WINDOWS\System32\USER32.dll
0x00007ffd7efc0000 - 0x00007ffd7f25a000 	C:\WINDOWS\WinSxS\amd64_microsoft.windows.common-controls_6595b64144ccf1df_6.0.26100.4202_none_3e0698d4e335f517\COMCTL32.dll
0x00007ffd96e60000 - 0x00007ffd96e87000 	C:\WINDOWS\System32\win32u.dll
0x00007ffd97950000 - 0x00007ffd979f9000 	C:\WINDOWS\System32\msvcrt.dll
0x00007ffd984b0000 - 0x00007ffd984db000 	C:\WINDOWS\System32\GDI32.dll
0x00007ffd96f40000 - 0x00007ffd97077000 	C:\WINDOWS\System32\gdi32full.dll
0x00007ffd96e90000 - 0x00007ffd96f33000 	C:\WINDOWS\System32\msvcp_win.dll
0x00007ffd98390000 - 0x00007ffd983c0000 	C:\WINDOWS\System32\IMM32.DLL
0x00007ffd7e400000 - 0x00007ffd7e40c000 	C:\Users\Admin\Downloads\spring-tools-for-eclipse-4.30.0.RELEASE-e4.35.0-win32.win32.x86_64\sts-4.30.0.RELEASE\plugins\org.eclipse.justj.openjdk.hotspot.jre.full.win32.x86_64_21.0.6.v20250130-0529\jre\bin\vcruntime140_1.dll
0x00007ffd64880000 - 0x00007ffd6490d000 	C:\Users\Admin\Downloads\spring-tools-for-eclipse-4.30.0.RELEASE-e4.35.0-win32.win32.x86_64\sts-4.30.0.RELEASE\plugins\org.eclipse.justj.openjdk.hotspot.jre.full.win32.x86_64_21.0.6.v20250130-0529\jre\bin\msvcp140.dll
0x00007ffd2fec0000 - 0x00007ffd30c50000 	C:\Users\Admin\Downloads\spring-tools-for-eclipse-4.30.0.RELEASE-e4.35.0-win32.win32.x86_64\sts-4.30.0.RELEASE\plugins\org.eclipse.justj.openjdk.hotspot.jre.full.win32.x86_64_21.0.6.v20250130-0529\jre\bin\server\jvm.dll
0x00007ffd97090000 - 0x00007ffd97143000 	C:\WINDOWS\System32\ADVAPI32.dll
0x00007ffd978a0000 - 0x00007ffd97946000 	C:\WINDOWS\System32\sechost.dll
0x00007ffd97f40000 - 0x00007ffd98055000 	C:\WINDOWS\System32\RPCRT4.dll
0x00007ffd983d0000 - 0x00007ffd98444000 	C:\WINDOWS\System32\WS2_32.dll
0x00007ffd8f660000 - 0x00007ffd8f66b000 	C:\WINDOWS\SYSTEM32\VERSION.dll
0x00007ffd96280000 - 0x00007ffd962de000 	C:\WINDOWS\SYSTEM32\POWRPROF.dll
0x00007ffd8f620000 - 0x00007ffd8f655000 	C:\WINDOWS\SYSTEM32\WINMM.dll
0x00007ffd96260000 - 0x00007ffd96274000 	C:\WINDOWS\SYSTEM32\UMPDC.dll
0x00007ffd951f0000 - 0x00007ffd9520b000 	C:\WINDOWS\SYSTEM32\kernel.appcore.dll
0x00007ffd91310000 - 0x00007ffd9131a000 	C:\Users\Admin\Downloads\spring-tools-for-eclipse-4.30.0.RELEASE-e4.35.0-win32.win32.x86_64\sts-4.30.0.RELEASE\plugins\org.eclipse.justj.openjdk.hotspot.jre.full.win32.x86_64_21.0.6.v20250130-0529\jre\bin\jimage.dll
0x00007ffd82ec0000 - 0x00007ffd83101000 	C:\WINDOWS\SYSTEM32\DBGHELP.DLL
0x00007ffd97bb0000 - 0x00007ffd97f35000 	C:\WINDOWS\System32\combase.dll
0x00007ffd98e50000 - 0x00007ffd98f31000 	C:\WINDOWS\System32\OLEAUT32.dll
0x00007ffd7cb00000 - 0x00007ffd7cb39000 	C:\WINDOWS\SYSTEM32\dbgcore.DLL
0x00007ffd96af0000 - 0x00007ffd96b89000 	C:\WINDOWS\System32\bcryptPrimitives.dll
0x00007ffd7d3a0000 - 0x00007ffd7d3bf000 	C:\Users\Admin\Downloads\spring-tools-for-eclipse-4.30.0.RELEASE-e4.35.0-win32.win32.x86_64\sts-4.30.0.RELEASE\plugins\org.eclipse.justj.openjdk.hotspot.jre.full.win32.x86_64_21.0.6.v20250130-0529\jre\bin\java.dll
0x00007ffd98700000 - 0x00007ffd98e42000 	C:\WINDOWS\System32\SHELL32.dll
0x00007ffd96580000 - 0x00007ffd966f4000 	C:\WINDOWS\System32\wintypes.dll
0x00007ffd940d0000 - 0x00007ffd94928000 	C:\WINDOWS\SYSTEM32\windows.storage.dll
0x00007ffd99110000 - 0x00007ffd99201000 	C:\WINDOWS\System32\SHCORE.dll
0x00007ffd97830000 - 0x00007ffd9789a000 	C:\WINDOWS\System32\shlwapi.dll
0x00007ffd96340000 - 0x00007ffd9636f000 	C:\WINDOWS\SYSTEM32\profapi.dll
0x00007ffd7cd50000 - 0x00007ffd7cd68000 	C:\Users\Admin\Downloads\spring-tools-for-eclipse-4.30.0.RELEASE-e4.35.0-win32.win32.x86_64\sts-4.30.0.RELEASE\plugins\org.eclipse.justj.openjdk.hotspot.jre.full.win32.x86_64_21.0.6.v20250130-0529\jre\bin\zip.dll
0x00007ffd912d0000 - 0x00007ffd912e0000 	C:\Users\Admin\Downloads\spring-tools-for-eclipse-4.30.0.RELEASE-e4.35.0-win32.win32.x86_64\sts-4.30.0.RELEASE\plugins\org.eclipse.justj.openjdk.hotspot.jre.full.win32.x86_64_21.0.6.v20250130-0529\jre\bin\net.dll
0x00007ffd8cae0000 - 0x00007ffd8cbfe000 	C:\WINDOWS\SYSTEM32\WINHTTP.dll
0x00007ffd95760000 - 0x00007ffd957ca000 	C:\WINDOWS\system32\mswsock.dll
0x00007ffd7cd30000 - 0x00007ffd7cd46000 	C:\Users\Admin\Downloads\spring-tools-for-eclipse-4.30.0.RELEASE-e4.35.0-win32.win32.x86_64\sts-4.30.0.RELEASE\plugins\org.eclipse.justj.openjdk.hotspot.jre.full.win32.x86_64_21.0.6.v20250130-0529\jre\bin\nio.dll
0x00007ffd7e1b0000 - 0x00007ffd7e1ba000 	C:\Users\Admin\Downloads\spring-tools-for-eclipse-4.30.0.RELEASE-e4.35.0-win32.win32.x86_64\sts-4.30.0.RELEASE\plugins\org.eclipse.justj.openjdk.hotspot.jre.full.win32.x86_64_21.0.6.v20250130-0529\jre\bin\management.dll
0x00007ffd7cc90000 - 0x00007ffd7cc9b000 	C:\Users\Admin\Downloads\spring-tools-for-eclipse-4.30.0.RELEASE-e4.35.0-win32.win32.x86_64\sts-4.30.0.RELEASE\plugins\org.eclipse.justj.openjdk.hotspot.jre.full.win32.x86_64_21.0.6.v20250130-0529\jre\bin\management_ext.dll
0x00007ffd98450000 - 0x00007ffd98458000 	C:\WINDOWS\System32\PSAPI.DLL
0x00007ffd78d80000 - 0x00007ffd78d98000 	C:\WINDOWS\system32\napinsp.dll
0x00007ffd94d10000 - 0x00007ffd94e37000 	C:\WINDOWS\SYSTEM32\DNSAPI.dll
0x00007ffd94c70000 - 0x00007ffd94ca3000 	C:\WINDOWS\SYSTEM32\IPHLPAPI.DLL
0x00007ffd97150000 - 0x00007ffd9715a000 	C:\WINDOWS\System32\NSI.dll
0x00007ffd78d60000 - 0x00007ffd78d72000 	C:\WINDOWS\System32\winrnr.dll
0x00007ffd78d20000 - 0x00007ffd78d50000 	C:\WINDOWS\system32\nlansp_c.dll
0x00007ffd78cf0000 - 0x00007ffd78d10000 	C:\WINDOWS\system32\wshbth.dll
0x00007ffd7e470000 - 0x00007ffd7e47b000 	C:\Windows\System32\rasadhlp.dll
0x00007ffd8beb0000 - 0x00007ffd8bf36000 	C:\WINDOWS\System32\fwpuclnt.dll
0x00007ffd95a10000 - 0x00007ffd95a2b000 	C:\WINDOWS\SYSTEM32\CRYPTSP.dll
0x00007ffd95150000 - 0x00007ffd9518a000 	C:\WINDOWS\system32\rsaenh.dll
0x00007ffd95800000 - 0x00007ffd9582b000 	C:\WINDOWS\SYSTEM32\USERENV.dll
0x00007ffd96310000 - 0x00007ffd96336000 	C:\WINDOWS\SYSTEM32\bcrypt.dll
0x00007ffd95a30000 - 0x00007ffd95a3c000 	C:\WINDOWS\SYSTEM32\CRYPTBASE.dll
0x00007ffd83280000 - 0x00007ffd83289000 	C:\Users\Admin\Downloads\spring-tools-for-eclipse-4.30.0.RELEASE-e4.35.0-win32.win32.x86_64\sts-4.30.0.RELEASE\plugins\org.eclipse.justj.openjdk.hotspot.jre.full.win32.x86_64_21.0.6.v20250130-0529\jre\bin\extnet.dll
0x00007ffd83520000 - 0x00007ffd8352e000 	C:\Users\Admin\Downloads\spring-tools-for-eclipse-4.30.0.RELEASE-e4.35.0-win32.win32.x86_64\sts-4.30.0.RELEASE\plugins\org.eclipse.justj.openjdk.hotspot.jre.full.win32.x86_64_21.0.6.v20250130-0529\jre\bin\sunmscapi.dll
0x00007ffd96ce0000 - 0x00007ffd96e57000 	C:\WINDOWS\System32\CRYPT32.dll
0x00007ffd95c30000 - 0x00007ffd95c60000 	C:\WINDOWS\SYSTEM32\ncrypt.dll
0x00007ffd95be0000 - 0x00007ffd95c1f000 	C:\WINDOWS\SYSTEM32\NTASN1.dll
0x00007ffd909b0000 - 0x00007ffd909c0000 	C:\Users\Admin\Downloads\spring-tools-for-eclipse-4.30.0.RELEASE-e4.35.0-win32.win32.x86_64\sts-4.30.0.RELEASE\plugins\org.eclipse.justj.openjdk.hotspot.jre.full.win32.x86_64_21.0.6.v20250130-0529\jre\bin\verify.dll
0x00007ffd76df0000 - 0x00007ffd76df8000 	C:\WINDOWS\system32\wshunix.dll

dbghelp: loaded successfully - version: 4.0.5 - missing functions: none
symbol engine: initialized successfully - sym options: 0x614 - pdb path: .;C:\Users\Admin\Downloads\spring-tools-for-eclipse-4.30.0.RELEASE-e4.35.0-win32.win32.x86_64\sts-4.30.0.RELEASE\plugins\org.eclipse.justj.openjdk.hotspot.jre.full.win32.x86_64_21.0.6.v20250130-0529\jre\bin;C:\WINDOWS\SYSTEM32;C:\WINDOWS\WinSxS\amd64_microsoft.windows.common-controls_6595b64144ccf1df_6.0.26100.4202_none_3e0698d4e335f517;C:\Users\Admin\Downloads\spring-tools-for-eclipse-4.30.0.RELEASE-e4.35.0-win32.win32.x86_64\sts-4.30.0.RELEASE\plugins\org.eclipse.justj.openjdk.hotspot.jre.full.win32.x86_64_21.0.6.v20250130-0529\jre\bin\server

VM Arguments:
jvm_args: -Dcom.sun.management.jmxremote -Dcom.sun.management.jmxremote.port=57463 -Dcom.sun.management.jmxremote.authenticate=false -Dcom.sun.management.jmxremote.ssl=false -Djava.rmi.server.hostname=localhost -Dspring.jmx.enabled=true -Dmanagement.endpoints.jmx.exposure.include=* -Dspring.application.admin.enabled=true -Dspring.output.ansi.enabled=always -XX:TieredStopAtLevel=1 -Dspring.boot.project.name=Stereo_Rasayan -Dfile.encoding=UTF-8 -Dstdout.encoding=UTF-8 -Dstderr.encoding=UTF-8 -XX:+ShowCodeDetailsInExceptionMessages 
java_command: com.project.StereoRasayanApplication
java_class_path (initial): C:\Users\Admin\git\repository\Stereo_Rasayan\target\classes;C:\Users\Admin\.m2\repository\org\springframework\boot\spring-boot-starter-data-jpa\3.5.0\spring-boot-starter-data-jpa-3.5.0.jar;C:\Users\Admin\.m2\repository\org\springframework\boot\spring-boot-starter\3.5.0\spring-boot-starter-3.5.0.jar;C:\Users\Admin\.m2\repository\org\springframework\boot\spring-boot-starter-logging\3.5.0\spring-boot-starter-logging-3.5.0.jar;C:\Users\Admin\.m2\repository\ch\qos\logback\logback-classic\1.5.18\logback-classic-1.5.18.jar;C:\Users\Admin\.m2\repository\ch\qos\logback\logback-core\1.5.18\logback-core-1.5.18.jar;C:\Users\Admin\.m2\repository\org\apache\logging\log4j\log4j-to-slf4j\2.24.3\log4j-to-slf4j-2.24.3.jar;C:\Users\Admin\.m2\repository\org\apache\logging\log4j\log4j-api\2.24.3\log4j-api-2.24.3.jar;C:\Users\Admin\.m2\repository\org\slf4j\jul-to-slf4j\2.0.17\jul-to-slf4j-2.0.17.jar;C:\Users\Admin\.m2\repository\jakarta\annotation\jakarta.annotation-api\2.1.1\jakarta.annotation-api-2.1.1.jar;C:\Users\Admin\.m2\repository\org\yaml\snakeyaml\2.4\snakeyaml-2.4.jar;C:\Users\Admin\.m2\repository\org\springframework\boot\spring-boot-starter-jdbc\3.5.0\spring-boot-starter-jdbc-3.5.0.jar;C:\Users\Admin\.m2\repository\com\zaxxer\HikariCP\6.3.0\HikariCP-6.3.0.jar;C:\Users\Admin\.m2\repository\org\springframework\spring-jdbc\6.2.7\spring-jdbc-6.2.7.jar;C:\Users\Admin\.m2\repository\org\hibernate\orm\hibernate-core\6.6.15.Final\hibernate-core-6.6.15.Final.jar;C:\Users\Admin\.m2\repository\jakarta\persistence\jakarta.persistence-api\3.1.0\jakarta.persistence-api-3.1.0.jar;C:\Users\Admin\.m2\repository\jakarta\transaction\jakarta.transaction-api\2.0.1\jakarta.transaction-api-2.0.1.jar;C:\Users\Admin\.m2\repository\org\jboss\logging\jboss-logging\3.6.1.Final\jboss-logging-3.6.1.Final.jar;C:\Users\Admin\.m2\repository\org\hibernate\common\hibernate-commons-annotations\7.0.3.Final\hibernate-commons-annotations-7.0.3.Final.jar;C:\Users\Admin\.m2\repository\io\smallrye\jandex\3.2.0\jandex-3.2.0.jar;C:\Users\Admin\.m2\repository\com\fasterxml\classmate\1.7.0\classmate-1.7.0.jar;C:\Users\Admin\.m2\repository\net\bytebuddy\byte-buddy\1.17.5\byte-buddy-1.17.5.jar;C:\Users\Admin\.m2\repository\org\glassfish\jaxb\jaxb-runtime\4.0.5\jaxb-runtime-4.0.5.jar;C:\Users\Admin\.m2\repository\org\glassfish\jaxb\jaxb-core\4.0.5\jaxb-core-4.0.5.jar;C:\Users\Admin\.m2\repository\org\eclipse\angus\angus-activation\2.0.2\angus-activation-2.0.2.jar;C:\Users\Admin\.m2\repository\org\glassfish\jaxb\txw2\4.0.5\txw2-4.0.5.jar;C:\Users\Admin\.m2\repository\com\sun\istack\istack-commons-runtime\4.1.2\istack-commons-runtime-4.1.2.jar;C:\Users\Admin\.m2\repository\jakarta\inject\jakarta.inject-api\2.0.1\jakarta.inject-api-2.0.1.jar;C:\Users\Admin\.m2\repository\org\antlr\antlr4-runtime\4.13.0\antlr4-runtime-4.13.0.jar;C:\Users\Admin\.m2\repository\org\springframework\data\spring-data-jpa\3.5.0\spring-data-jpa-3.5.0.jar;C:\Users\Admin\.m2\repository\org\springframework\data\spring-data-commons\3.5.0\spring-data-commons-3.5.0.jar;C:\Users\Admin\.m2\repository\org\springframework\spring-orm\6.2.7\spring-orm-6.2.7.jar;C:\Users\Admin\.m2\repository\org\springframework\spring-context\6.2.7\spring-context-6.2.7.jar;C:\Users\Admin\.m2\repository\org\springframework\spring-aop\6.2.7\spring-aop-6.2.7.jar;C:\Users\Admin\.m2\repository\org\springframework\spring-tx\6.2.7\spring-tx-6.2.7.jar;C:\Users\Admin\.m2\repository\org\springframework\spring-beans\6.2.7\spring-beans-6.2.7.jar;C:\Users\Admin\.m2\repository\org\springframework\spring-aspects\6.2.7\spring-aspects-6.2.7.jar;C:\Users\Admin\.m2\repository\org\aspectj\aspectjweaver\1.9.24\aspectjweaver-1.9.24.jar;C:\Users\Admin\.m2\repository\org\springframework\boot\spring-boot-starter-web\3.5.0\spring-boot-starter-web-3.5.0.jar;C:\Users\Admin\.m2\repository\org\springframework\boot\spring-boot-starter-json\3.5.0\spring-boot-starter-json-3.5.0.jar;C:\Users\Admin\.m2\repository\com\fasterxml\jackson\datatype\jackson-datatype-jdk8\2.19.0\jackson-datatype-jdk8-2.19.0.jar;C:\Users\Admin\.m2\repository\com\fasterxml\jackson\module\jackson-module-parameter-names\2.19.0\jackson-module-parameter-names-2.19.0.jar;C:\Users\Admin\.m2\repository\org\springframework\boot\spring-boot-starter-tomcat\3.5.0\spring-boot-starter-tomcat-3.5.0.jar;C:\Users\Admin\.m2\repository\org\apache\tomcat\embed\tomcat-embed-core\10.1.41\tomcat-embed-core-10.1.41.jar;C:\Users\Admin\.m2\repository\org\apache\tomcat\embed\tomcat-embed-el\10.1.41\tomcat-embed-el-10.1.41.jar;C:\Users\Admin\.m2\repository\org\apache\tomcat\embed\tomcat-embed-websocket\10.1.41\tomcat-embed-websocket-10.1.41.jar;C:\Users\Admin\.m2\repository\org\springframework\spring-web\6.2.7\spring-web-6.2.7.jar;C:\Users\Admin\.m2\repository\io\micrometer\micrometer-observation\1.15.0\micrometer-observation-1.15.0.jar;C:\Users\Admin\.m2\repository\io\micrometer\micrometer-commons\1.15.0\micrometer-commons-1.15.0.jar;C:\Users\Admin\.m2\repository\org\springframework\spring-webmvc\6.2.7\spring-webmvc-6.2.7.jar;C:\Users\Admin\.m2\repository\org\springframework\spring-expression\6.2.7\spring-expression-6.2.7.jar;C:\Users\Admin\.m2\repository\org\springframework\boot\spring-boot-devtools\3.5.0\spring-boot-devtools-3.5.0.jar;C:\Users\Admin\.m2\repository\org\springframework\boot\spring-boot\3.5.0\spring-boot-3.5.0.jar;C:\Users\Admin\.m2\repository\org\springframework\boot\spring-boot-autoconfigure\3.5.0\spring-boot-autoconfigure-3.5.0.jar;C:\Users\Admin\.m2\repository\com\mysql\mysql-connector-j\9.2.0\mysql-connector-j-9.2.0.jar;C:\Users\Admin\.m2\repository\jakarta\xml\bind\jakarta.xml.bind-api\4.0.2\jakarta.xml.bind-api-4.0.2.jar;C:\Users\Admin\.m2\repository\jakarta\activation\jakarta.activation-api\2.1.3\jakarta.activation-api-2.1.3.jar;C:\Users\Admin\.m2\repository\org\springframework\spring-core\6.2.7\spring-core-6.2.7.jar;C:\Users\Admin\.m2\repository\org\springframework\spring-jcl\6.2.7\spring-jcl-6.2.7.jar;C:\Users\Admin\.m2\repository\com\twilio\sdk\twilio\9.14.1\twilio-9.14.1.jar;C:\Users\Admin\.m2\repository\commons-codec\commons-codec\1.18.0\commons-codec-1.18.0.jar;C:\Users\Admin\.m2\repository\commons-io\commons-io\2.7\commons-io-2.7.jar;C:\Users\Admin\.m2\repository\io\jsonwebtoken\jjwt-api\0.11.2\jjwt-api-0.11.2.jar;C:\Users\Admin\.m2\repository\io\jsonwebtoken\jjwt-jackson\0.11.2\jjwt-jackson-0.11.2.jar;C:\Users\Admin\.m2\repository\io\jsonwebtoken\jjwt-impl\0.11.2\jjwt-impl-0.11.2.jar;C:\Users\Admin\.m2\repository\org\apache\httpcomponents\httpclient\4.5.13\httpclient-4.5.13.jar;C:\Users\Admin\.m2\repository\commons-logging\commons-logging\1.2\commons-logging-1.2.jar;C:\Users\Admin\.m2\repository\org\apache\httpcomponents\httpcore\4.4.16\httpcore-4.4.16.jar;C:\Users\Admin\.m2\repository\com\fasterxml\jackson\core\jackson-core\2.19.0\jackson-core-2.19.0.jar;C:\Users\Admin\.m2\repository\com\fasterxml\jackson\core\jackson-annotations\2.19.0\jackson-annotations-2.19.0.jar;C:\Users\Admin\.m2\repository\com\fasterxml\jackson\core\jackson-databind\2.19.0\jackson-databind-2.19.0.jar;C:\Users\Admin\.m2\repository\com\fasterxml\jackson\datatype\jackson-datatype-jsr310\2.19.0\jackson-datatype-jsr310-2.19.0.jar;C:\Users\Admin\.m2\repository\com\fasterxml\jackson\dataformat\jackson-dataformat-xml\2.19.0\jackson-dataformat-xml-2.19.0.jar;C:\Users\Admin\.m2\repository\org\codehaus\woodstox\stax2-api\4.2.2\stax2-api-4.2.2.jar;C:\Users\Admin\.m2\repository\com\fasterxml\woodstox\woodstox-core\7.1.0\woodstox-core-7.1.0.jar;C:\Users\Admin\.m2\repository\org\slf4j\slf4j-api\2.0.17\slf4j-api-2.0.17.jar
Launcher Type: SUN_STANDARD

[Global flags]
     intx CICompilerCount                          = 4                                         {product} {ergonomic}
     uint ConcGCThreads                            = 2                                         {product} {ergonomic}
     uint G1ConcRefinementThreads                  = 8                                         {product} {ergonomic}
   size_t G1HeapRegionSize                         = 1048576                                   {product} {ergonomic}
    uintx GCDrainStackTargetSize                   = 64                                        {product} {ergonomic}
   size_t InitialHeapSize                          = 58720256                                  {product} {ergonomic}
     bool ManagementServer                         = true                                      {product} {command line}
   size_t MarkStackSize                            = 4194304                                   {product} {ergonomic}
   size_t MaxHeapSize                              = 908066816                                 {product} {ergonomic}
   size_t MaxNewSize                               = 544210944                                 {product} {ergonomic}
   size_t MinHeapDeltaBytes                        = 1048576                                   {product} {ergonomic}
   size_t MinHeapSize                              = 8388608                                   {product} {ergonomic}
    uintx NonNMethodCodeHeapSize                   = 4096                                   {pd product} {ergonomic}
    uintx NonProfiledCodeHeapSize                  = 0                                      {pd product} {ergonomic}
     bool ProfileInterpreter                       = false                                  {pd product} {command line}
    uintx ProfiledCodeHeapSize                     = 0                                      {pd product} {ergonomic}
     bool ShowCodeDetailsInExceptionMessages       = true                                   {manageable} {command line}
   size_t SoftMaxHeapSize                          = 908066816                              {manageable} {ergonomic}
     intx TieredStopAtLevel                        = 1                                         {product} {command line}
     bool UseCompressedOops                        = true                           {product lp64_product} {ergonomic}
     bool UseG1GC                                  = true                                      {product} {ergonomic}
     bool UseLargePagesIndividualAllocation        = false                                  {pd product} {ergonomic}

Logging:
Log output configuration:
 #0: stdout all=warning uptime,level,tags foldmultilines=false
 #1: stderr all=off uptime,level,tags foldmultilines=false

Environment Variables:
PATH=C:/Users/Admin/Downloads/spring-tools-for-eclipse-4.30.0.RELEASE-e4.35.0-win32.win32.x86_64/sts-4.30.0.RELEASE//plugins/org.eclipse.justj.openjdk.hotspot.jre.full.win32.x86_64_21.0.6.v20250130-0529/jre/bin/server;C:/Users/Admin/Downloads/spring-tools-for-eclipse-4.30.0.RELEASE-e4.35.0-win32.win32.x86_64/sts-4.30.0.RELEASE//plugins/org.eclipse.justj.openjdk.hotspot.jre.full.win32.x86_64_21.0.6.v20250130-0529/jre/bin;C:\Program Files\Eclipse Adoptium\jdk-24.0.1.9-hotspot\bin;C:\Python313\Scripts\;C:\Python313\;C:\Program Files (x86)\Common Files\Oracle\Java\java8path;C:\Program Files (x86)\Common Files\Oracle\Java\javapath;C:\WINDOWS\system32;C:\WINDOWS;C:\WINDOWS\System32\Wbem;C:\WINDOWS\System32\WindowsPowerShell\v1.0\;C:\WINDOWS\System32\OpenSSH\;C:\Program Files\Git\cmd;C:\Program Files\nodejs\;C:\ProgramData\chocolatey\bin;C:\Program Files\dotnet\;C:\Program Files (x86)\Microsoft SQL Server\160\Tools\Binn\;C:\Program Files\Microsoft SQL Server\160\Tools\Binn\;C:\Program Files\Microsoft SQL Server\Client SDK\ODBC\170\Tools\Binn\;C:\Program Files\Microsoft SQL Server\160\DTS\Binn\;C:\Program Files\MySQL\MySQL Shell 8.0\bin\;C:\Users\Admin\AppData\Local\Microsoft\WindowsApps;C:\Users\Admin\AppData\Local\Programs\Microsoft VS Code\bin;C:\Users\Admin\AppData\Roaming\npm;C:\Users\Admin\.dotnet\tools;C:\Users\Admin\Downloads\spring-tools-for-eclipse-4.30.0.RELEASE-e4.35.0-win32.win32.x86_64\sts-4.30.0.RELEASE;
USERNAME=Admin
OS=Windows_NT
PROCESSOR_IDENTIFIER=AMD64 Family 23 Model 24 Stepping 1, AuthenticAMD
TMP=C:\Users\Admin\AppData\Local\Temp
TEMP=C:\Users\Admin\AppData\Local\Temp




Periodic native trim disabled

---------------  S Y S T E M  ---------------

OS:
 Windows 11 , 64 bit Build 26100 (10.0.26100.4202)
OS uptime: 0 days 23:34 hours

CPU: total 8 (initial active 8) (8 cores per cpu, 2 threads per core) family 23 model 24 stepping 1 microcode 0x8108109, cx8, cmov, fxsr, ht, mmx, 3dnowpref, sse, sse2, sse3, ssse3, sse4a, sse4.1, sse4.2, popcnt, lzcnt, tsc, tscinvbit, avx, avx2, aes, clmul, bmi1, bmi2, adx, sha, fma, vzeroupper, clflush, clflushopt, rdtscp, f16c
Processor Information for the first 8 processors :
  Max Mhz: 2100, Current Mhz: 2100, Mhz Limit: 2100

Memory: 4k page, system-wide physical 3459M (344M free)
TotalPageFile size 14211M (AvailPageFile size 190M)
current process WorkingSet (physical memory assigned to process): 43M, peak: 220M
current process commit charge ("private bytes"): 285M, peak: 300M

vm_info: OpenJDK 64-Bit Server VM (21.0.6+7-LTS) for windows-amd64 JRE (21.0.6+7-LTS), built on 2025-01-21T00:00:00Z by "admin" with MS VC++ 17.7 (VS2022)

END.
